<?xml version="1.0" encoding="UTF-8"?>
<testsuite name="com.employeesystem.controller.EmployeeControllerTest" tests="2" skipped="0" failures="0" errors="0" timestamp="2019-12-16T09:25:04" hostname="del1-lhp-n67791" time="0.472">
  <properties/>
  <testcase name="getEmployee()" classname="com.employeesystem.controller.EmployeeControllerTest" time="0.413"/>
  <testcase name="getAllEmployee()" classname="com.employeesystem.controller.EmployeeControllerTest" time="0.058"/>
  <system-out><![CDATA[]]></system-out>
  <system-err><![CDATA[]]></system-err>
</testsuite>
